<?xml version="1.0" encoding="UTF-8"?>
<testsuite xmlns:xsi="http://www.w3.org/2001/XMLSchema-instance" xsi:noNamespaceSchemaLocation="https://maven.apache.org/surefire/maven-surefire-plugin/xsd/surefire-test-report-3.0.xsd" version="3.0" name="com.kafka.connect.smt.InsertDynamicFieldTest" time="0.08" tests="3" errors="0" skipped="0" failures="0">
  <properties>
[...]
</properties>
  <testcase name="topLevelStructRequired" classname="com.kafka.connect.smt.InsertDynamicFieldTest" time="0.032">
    <system-err><![CDATA[SLF4J: Failed to load class "org.slf4j.impl.StaticLoggerBinder".
SLF4J: Defaulting to no-operation (NOP) logger implementation
SLF4J: See http://www.slf4j.org/codes.html#StaticLoggerBinder for further details.
]]></system-err>
  </testcase>
  <testcase name="schemalessInsertDynamicFieldField" classname="com.kafka.connect.smt.InsertDynamicFieldTest" time="0.001">
    <system-out><![CDATA[INITIALRecord Value188b1022-cdf5-4ede-9dbb-1ea10b4734eb
tweet-app.test.tweetsRecord Value188b1022-cdf5-4ede-9dbb-1ea10b4734eb
]]></system-out>
  </testcase>
  <testcase name="copySchemaAndInsertDynamicFieldField" classname="com.kafka.connect.smt.InsertDynamicFieldTest" time="0.001">
    <system-out><![CDATA[42LRecord Value42L
tweet-app.test.tweetsRecord Value42L
nullRecord Valuenull
tweet-app.test.tweetsRecord Valuenull
]]></system-out>
  </testcase>
</testsuite>